<?xml version="1.0" encoding="UTF-8"?>
<!-- Generated by org.testng.reporters.JUnitXMLReporter -->
<testsuite hostname="DESKTOP-GQ1E8EA" ignored="0" name="hub spot Sanity Test" tests="3" failures="0" timestamp="2019-12-29T17:25:15 EST" time="48.657" errors="0">
  <testcase name="registerFormTest" time="1.722" classname="tests.RegisterFormTest"/>
  <testcase name="registerFormTest" time="1.53" classname="tests.RegisterFormTest"/>
  <testcase name="registerFormTest" time="1.584" classname="tests.RegisterFormTest"/>
</testsuite> <!-- hub spot Sanity Test -->
