<?xml version="1.0" encoding="UTF-8"?>
<!-- Generated by org.testng.reporters.JUnitXMLReporter -->
<testsuite hostname="DESKTOP-GQ1E8EA" ignored="0" name="Default test" tests="3" failures="0" timestamp="2019-12-29T17:34:14 EST" time="48.352" errors="0">
  <testcase name="registerFormTest" time="1.295" classname="tests.RegisterFormTest"/>
  <testcase name="registerFormTest" time="1.505" classname="tests.RegisterFormTest"/>
  <testcase name="registerFormTest" time="1.367" classname="tests.RegisterFormTest"/>
</testsuite> <!-- Default test -->
