<?xml version="1.0" encoding="UTF-8"?>
<testng-results skipped="0" failed="0" ignored="0" total="3" passed="3">
  <reporter-output>
  </reporter-output>
  <suite name="Default suite" duration-ms="48352" started-at="2019-12-29T17:33:25 EST" finished-at="2019-12-29T17:34:14 EST">
    <groups>
    </groups>
    <test name="Default test" duration-ms="48352" started-at="2019-12-29T17:33:25 EST" finished-at="2019-12-29T17:34:14 EST">
      <class name="tests.RegisterFormTest">
        <test-method status="PASS" signature="beforeMethod()[pri:0, instance:tests.RegisterFormTest@64729b1e]" name="beforeMethod" is-config="true" duration-ms="14347" started-at="2019-12-29T17:33:26 EST" finished-at="2019-12-29T17:33:40 EST">
          <reporter-output>
          </reporter-output>
        </test-method> <!-- beforeMethod -->
        <test-method status="PASS" signature="registerFormTest(java.lang.String, java.lang.String)[pri:0, instance:tests.RegisterFormTest@64729b1e]" name="registerFormTest" duration-ms="1295" started-at="2019-12-29T17:33:40 EST" data-provider="getData" finished-at="2019-12-29T17:33:41 EST">
          <params>
            <param index="0">
              <value>
                <![CDATA[test1@gmail.com]]>
              </value>
            </param>
            <param index="1">
              <value>
                <![CDATA[12345.0]]>
              </value>
            </param>
          </params>
          <reporter-output>
          </reporter-output>
        </test-method> <!-- registerFormTest -->
        <test-method status="PASS" signature="afterMethod()[pri:0, instance:tests.RegisterFormTest@64729b1e]" name="afterMethod" is-config="true" duration-ms="1" started-at="2019-12-29T17:33:41 EST" finished-at="2019-12-29T17:33:41 EST">
          <reporter-output>
          </reporter-output>
        </test-method> <!-- afterMethod -->
        <test-method status="PASS" signature="beforeMethod()[pri:0, instance:tests.RegisterFormTest@64729b1e]" name="beforeMethod" is-config="true" duration-ms="14943" started-at="2019-12-29T17:33:41 EST" finished-at="2019-12-29T17:33:56 EST">
          <reporter-output>
          </reporter-output>
        </test-method> <!-- beforeMethod -->
        <test-method status="PASS" signature="registerFormTest(java.lang.String, java.lang.String)[pri:0, instance:tests.RegisterFormTest@64729b1e]" name="registerFormTest" duration-ms="1505" started-at="2019-12-29T17:33:56 EST" data-provider="getData" finished-at="2019-12-29T17:33:58 EST">
          <params>
            <param index="0">
              <value>
                <![CDATA[test2@gmail.com]]>
              </value>
            </param>
            <param index="1">
              <value>
                <![CDATA[54321.0]]>
              </value>
            </param>
          </params>
          <reporter-output>
          </reporter-output>
        </test-method> <!-- registerFormTest -->
        <test-method status="PASS" signature="afterMethod()[pri:0, instance:tests.RegisterFormTest@64729b1e]" name="afterMethod" is-config="true" duration-ms="1" started-at="2019-12-29T17:33:58 EST" finished-at="2019-12-29T17:33:58 EST">
          <reporter-output>
          </reporter-output>
        </test-method> <!-- afterMethod -->
        <test-method status="PASS" signature="beforeMethod()[pri:0, instance:tests.RegisterFormTest@64729b1e]" name="beforeMethod" is-config="true" duration-ms="14495" started-at="2019-12-29T17:33:58 EST" finished-at="2019-12-29T17:34:12 EST">
          <reporter-output>
          </reporter-output>
        </test-method> <!-- beforeMethod -->
        <test-method status="PASS" signature="registerFormTest(java.lang.String, java.lang.String)[pri:0, instance:tests.RegisterFormTest@64729b1e]" name="registerFormTest" duration-ms="1367" started-at="2019-12-29T17:34:12 EST" data-provider="getData" finished-at="2019-12-29T17:34:14 EST">
          <params>
            <param index="0">
              <value>
                <![CDATA[test3@gmail.com]]>
              </value>
            </param>
            <param index="1">
              <value>
                <![CDATA[98765.0]]>
              </value>
            </param>
          </params>
          <reporter-output>
          </reporter-output>
        </test-method> <!-- registerFormTest -->
        <test-method status="PASS" signature="afterMethod()[pri:0, instance:tests.RegisterFormTest@64729b1e]" name="afterMethod" is-config="true" duration-ms="0" started-at="2019-12-29T17:34:14 EST" finished-at="2019-12-29T17:34:14 EST">
          <reporter-output>
          </reporter-output>
        </test-method> <!-- afterMethod -->
      </class> <!-- tests.RegisterFormTest -->
    </test> <!-- Default test -->
  </suite> <!-- Default suite -->
</testng-results>
