<?xml version="1.0" encoding="UTF-8"?>
<testng-results skipped="0" failed="0" ignored="0" total="1" passed="1">
  <reporter-output>
  </reporter-output>
  <suite name="Default suite" duration-ms="36" started-at="2019-12-23T20:13:47 EST" finished-at="2019-12-23T20:13:47 EST">
    <groups>
    </groups>
    <test name="Default test" duration-ms="36" started-at="2019-12-23T20:13:47 EST" finished-at="2019-12-23T20:13:47 EST">
      <class name="tests.TestNGParameters">
        <test-method status="PASS" signature="beforeMethod()[pri:0, instance:tests.TestNGParameters@71bbf57e]" name="beforeMethod" is-config="true" duration-ms="5" started-at="2019-12-23T20:13:47 EST" finished-at="2019-12-23T20:13:47 EST">
          <reporter-output>
          </reporter-output>
        </test-method> <!-- beforeMethod -->
        <test-method status="PASS" signature="login(java.lang.String, java.lang.String)[pri:0, instance:tests.TestNGParameters@71bbf57e]" name="login" duration-ms="4" started-at="2019-12-23T20:13:47 EST" finished-at="2019-12-23T20:13:47 EST">
          <params>
            <param index="0">
              <value>
                <![CDATA[param-val-not-found]]>
              </value>
            </param>
            <param index="1">
              <value>
                <![CDATA[param-val-not-found]]>
              </value>
            </param>
          </params>
          <reporter-output>
          </reporter-output>
        </test-method> <!-- login -->
        <test-method status="PASS" signature="afterMethod()[pri:0, instance:tests.TestNGParameters@71bbf57e]" name="afterMethod" is-config="true" duration-ms="0" started-at="2019-12-23T20:13:47 EST" finished-at="2019-12-23T20:13:47 EST">
          <reporter-output>
          </reporter-output>
        </test-method> <!-- afterMethod -->
      </class> <!-- tests.TestNGParameters -->
    </test> <!-- Default test -->
  </suite> <!-- Default suite -->
</testng-results>
